##################################################################################
Worker started
pid=12976
job indices: i=3, j=3
W=10.000000
g_q=0.500000
alpha=L
t_max=2.0
n_t=20000
##################################################################################

##################################################################################
##########              Welcome to work with NEGF-TDPSCBA               ##########
##########                 Louis Rossignol and Hong Guo                 ##########
##########                     10-Mar-2026 14:44:43                     ##########
##################################################################################


++++++++++++++++++++++++++++++++++++++++++++++++++++++++++++++++++++++++++++++++++
System configuration
++++++++++++++++++++++++++++++++++++++++++++++++++++++++++++++++++++++++++++++++++
ETA = 1.000000e-03
DELTA = 5.000000e+00
W = 1.000000e+01
g_q = 5.000000e-01
w_q = 2.000000e-01
e_0 = 0.000000e+00
beta_ph = 2.000000e+01
mu_ph = 0.000000e+00
beta_fd = 1.000000e-01
mu_fd = 0.000000e+00
e window = [-1.000000e+01, 1.000000e+01]
omega window = [-1.000000e+01, 1.000000e+01]
SCBA solver parameters:
  max_iter = 2000
  tol_abs  = 1.000e-04
  tol_rel  = 1.000e-03
  mixing   = 1.000e-02
  min_iter = 10
Leads:
  L: Gamma0=5.000000e-01, Delta=1.000000e+01, beta=1.000000e-01, mu=0.000000e+00
  R: Gamma0=5.000000e-01, Delta=0.000000e+00, beta=1.000000e-01, mu=0.000000e+00

++++++++++++++++++++++++++++++++++++++++++++++++++++++++++++++++++++++++++++++++++
Physical unit system
++++++++++++++++++++++++++++++++++++++++++++++++++++++++++++++++++++++++++++++++++
Gamma = 1.000000e-02 eV
Time unit   = ħ/Gamma = 6.582120e-02 ps
Current unit = e Gamma / ħ = 2.434135e+00 µA

++++++++++++++++++++++++++++++++++++++++++++++++++++++++++++++++++++++++++++++++++
Current evaluation for lead L
++++++++++++++++++++++++++++++++++++++++++++++++++++++++++++++++++++++++++++++++++
t_max = 2.000000 | n_t = 20000

++++++++++++++++++++++++++++++++++++++++++++++++++++++++++++++++++++++++++++++++++
SCBA nonequilibrium solve
++++++++++++++++++++++++++++++++++++++++++++++++++++++++++++++++++++++++++++++++++
grid points = 2001 | window = [-10.000000, 10.000000] | mixing = 0.0100 | max_iter = 2000
SCBA solve:   0%|          | 0/2000 [00:00<?, ?iter/s]
SCBA solve:   0%|          | 0/2000 [00:33<?, ?iter/s, GR_abs=2.72e-02, GR_rel=2.69e-01, Gl_abs=2.06e-02, Gl_rel=1.59e-01, mix=0.010]
SCBA solve:   0%|          | 1/2000 [00:33<18:20:49, 33.04s/iter, GR_abs=2.72e-02, GR_rel=2.69e-01, Gl_abs=2.06e-02, Gl_rel=1.59e-01, mix=0.010]
SCBA solve:   0%|          | 1/2000 [01:05<18:20:49, 33.04s/iter, GR_abs=2.98e-02, GR_rel=2.65e-01, Gl_abs=2.03e-02, Gl_rel=1.74e-01, mix=0.010]
SCBA solve:   0%|          | 2/2000 [01:05<18:18:17, 32.98s/iter, GR_abs=2.98e-02, GR_rel=2.65e-01, Gl_abs=2.03e-02, Gl_rel=1.74e-01, mix=0.010]
SCBA solve:   0%|          | 2/2000 [01:38<18:18:17, 32.98s/iter, GR_abs=3.33e-02, GR_rel=2.44e-01, Gl_abs=2.01e-02, Gl_rel=1.96e-01, mix=0.010]
SCBA solve:   0%|          | 3/2000 [01:38<18:18:16, 33.00s/iter, GR_abs=3.33e-02, GR_rel=2.44e-01, Gl_abs=2.01e-02, Gl_rel=1.96e-01, mix=0.010]
SCBA solve:   0%|          | 3/2000 [02:12<18:18:16, 33.00s/iter, GR_abs=3.84e-02, GR_rel=2.16e-01, Gl_abs=1.99e-02, Gl_rel=2.30e-01, mix=0.010]
SCBA solve:   0%|          | 4/2000 [02:12<18:24:19, 33.20s/iter, GR_abs=3.84e-02, GR_rel=2.16e-01, Gl_abs=1.99e-02, Gl_rel=2.30e-01, mix=0.010]
